-- Install configuration: ""
-- Up-to-date: /home/wellington/ws_moveit/src/ur5_arm_ros2/install/ur5_arm/share/ur5_arm//launch
-- Up-to-date: /home/wellington/ws_moveit/src/ur5_arm_ros2/install/ur5_arm/share/ur5_arm//launch/ur5_control.launch.py
-- Up-to-date: /home/wellington/ws_moveit/src/ur5_arm_ros2/install/ur5_arm/share/ur5_arm//urdf
-- Up-to-date: /home/wellington/ws_moveit/src/ur5_arm_ros2/install/ur5_arm/share/ur5_arm//urdf/meshes
-- Up-to-date: /home/wellington/ws_moveit/src/ur5_arm_ros2/install/ur5_arm/share/ur5_arm//urdf/meshes/ur5e
-- Up-to-date: /home/wellington/ws_moveit/src/ur5_arm_ros2/install/ur5_arm/share/ur5_arm//urdf/meshes/ur5e/visual
-- Up-to-date: /home/wellington/ws_moveit/src/ur5_arm_ros2/install/ur5_arm/share/ur5_arm//urdf/meshes/ur5e/visual/wrist1.dae
-- Up-to-date: /home/wellington/ws_moveit/src/ur5_arm_ros2/install/ur5_arm/share/ur5_arm//urdf/meshes/ur5e/visual/upperarm.dae
-- Up-to-date: /home/wellington/ws_moveit/src/ur5_arm_ros2/install/ur5_arm/share/ur5_arm//urdf/meshes/ur5e/visual/base.dae
-- Up-to-date: /home/wellington/ws_moveit/src/ur5_arm_ros2/install/ur5_arm/share/ur5_arm//urdf/meshes/ur5e/visual/wrist3.dae
-- Up-to-date: /home/wellington/ws_moveit/src/ur5_arm_ros2/install/ur5_arm/share/ur5_arm//urdf/meshes/ur5e/visual/forearm.dae
-- Up-to-date: /home/wellington/ws_moveit/src/ur5_arm_ros2/install/ur5_arm/share/ur5_arm//urdf/meshes/ur5e/visual/shoulder.dae
-- Up-to-date: /home/wellington/ws_moveit/src/ur5_arm_ros2/install/ur5_arm/share/ur5_arm//urdf/meshes/ur5e/visual/wrist2.dae
-- Up-to-date: /home/wellington/ws_moveit/src/ur5_arm_ros2/install/ur5_arm/share/ur5_arm//urdf/meshes/ur5e/collision
-- Up-to-date: /home/wellington/ws_moveit/src/ur5_arm_ros2/install/ur5_arm/share/ur5_arm//urdf/meshes/ur5e/collision/wrist3.stl
-- Up-to-date: /home/wellington/ws_moveit/src/ur5_arm_ros2/install/ur5_arm/share/ur5_arm//urdf/meshes/ur5e/collision/forearm.stl
-- Up-to-date: /home/wellington/ws_moveit/src/ur5_arm_ros2/install/ur5_arm/share/ur5_arm//urdf/meshes/ur5e/collision/base.stl
-- Up-to-date: /home/wellington/ws_moveit/src/ur5_arm_ros2/install/ur5_arm/share/ur5_arm//urdf/meshes/ur5e/collision/upperarm.stl
-- Up-to-date: /home/wellington/ws_moveit/src/ur5_arm_ros2/install/ur5_arm/share/ur5_arm//urdf/meshes/ur5e/collision/wrist1.stl
-- Up-to-date: /home/wellington/ws_moveit/src/ur5_arm_ros2/install/ur5_arm/share/ur5_arm//urdf/meshes/ur5e/collision/shoulder.stl
-- Up-to-date: /home/wellington/ws_moveit/src/ur5_arm_ros2/install/ur5_arm/share/ur5_arm//urdf/meshes/ur5e/collision/wrist2.stl
-- Up-to-date: /home/wellington/ws_moveit/src/ur5_arm_ros2/install/ur5_arm/share/ur5_arm//urdf/meshes/protos
-- Up-to-date: /home/wellington/ws_moveit/src/ur5_arm_ros2/install/ur5_arm/share/ur5_arm//urdf/meshes/protos/CAM_Support2.stl
-- Up-to-date: /home/wellington/ws_moveit/src/ur5_arm_ros2/install/ur5_arm/share/ur5_arm//urdf/meshes/protos/RangeFinder.wbo
-- Up-to-date: /home/wellington/ws_moveit/src/ur5_arm_ros2/install/ur5_arm/share/ur5_arm//urdf/meshes/protos/Table.proto
-- Up-to-date: /home/wellington/ws_moveit/src/ur5_arm_ros2/install/ur5_arm/share/ur5_arm//urdf/meshes/protos/SolidBox.proto
-- Up-to-date: /home/wellington/ws_moveit/src/ur5_arm_ros2/install/ur5_arm/share/ur5_arm//urdf/meshes/protos/RobotiqArg2f140Model.proto
-- Up-to-date: /home/wellington/ws_moveit/src/ur5_arm_ros2/install/ur5_arm/share/ur5_arm//urdf/meshes/protos/CAM_support.STL
-- Up-to-date: /home/wellington/ws_moveit/src/ur5_arm_ros2/install/ur5_arm/share/ur5_arm//urdf/ur5.urdf.xacro
-- Up-to-date: /home/wellington/ws_moveit/src/ur5_arm_ros2/install/ur5_arm/share/ur5_arm//urdf/ur5e.urdf.xacro
-- Up-to-date: /home/wellington/ws_moveit/src/ur5_arm_ros2/install/ur5_arm/share/ur5_arm//urdf/ur5_arm.ros2_control.xacro
-- Up-to-date: /home/wellington/ws_moveit/src/ur5_arm_ros2/install/ur5_arm/share/ur5_arm//urdf/ur5e_joint_limited_robot.urdf.xacro
-- Up-to-date: /home/wellington/ws_moveit/src/ur5_arm_ros2/install/ur5_arm/share/ur5_arm//urdf/_d435.urdf.xacro
-- Up-to-date: /home/wellington/ws_moveit/src/ur5_arm_ros2/install/ur5_arm/share/ur5_arm//config
-- Up-to-date: /home/wellington/ws_moveit/src/ur5_arm_ros2/install/ur5_arm/share/ur5_arm//config/ros2_controllers.yaml
-- Up-to-date: /home/wellington/ws_moveit/src/ur5_arm_ros2/install/ur5_arm/share/ur5_arm//rviz
-- Up-to-date: /home/wellington/ws_moveit/src/ur5_arm_ros2/install/ur5_arm/share/ur5_arm//rviz/view.rviz
-- Up-to-date: /home/wellington/ws_moveit/src/ur5_arm_ros2/install/ur5_arm/share/ament_index/resource_index/package_run_dependencies/ur5_arm
-- Up-to-date: /home/wellington/ws_moveit/src/ur5_arm_ros2/install/ur5_arm/share/ament_index/resource_index/parent_prefix_path/ur5_arm
-- Up-to-date: /home/wellington/ws_moveit/src/ur5_arm_ros2/install/ur5_arm/share/ur5_arm/environment/ament_prefix_path.sh
-- Up-to-date: /home/wellington/ws_moveit/src/ur5_arm_ros2/install/ur5_arm/share/ur5_arm/environment/ament_prefix_path.dsv
-- Up-to-date: /home/wellington/ws_moveit/src/ur5_arm_ros2/install/ur5_arm/share/ur5_arm/environment/path.sh
-- Up-to-date: /home/wellington/ws_moveit/src/ur5_arm_ros2/install/ur5_arm/share/ur5_arm/environment/path.dsv
-- Up-to-date: /home/wellington/ws_moveit/src/ur5_arm_ros2/install/ur5_arm/share/ur5_arm/local_setup.bash
-- Up-to-date: /home/wellington/ws_moveit/src/ur5_arm_ros2/install/ur5_arm/share/ur5_arm/local_setup.sh
-- Up-to-date: /home/wellington/ws_moveit/src/ur5_arm_ros2/install/ur5_arm/share/ur5_arm/local_setup.zsh
-- Up-to-date: /home/wellington/ws_moveit/src/ur5_arm_ros2/install/ur5_arm/share/ur5_arm/local_setup.dsv
-- Up-to-date: /home/wellington/ws_moveit/src/ur5_arm_ros2/install/ur5_arm/share/ur5_arm/package.dsv
-- Up-to-date: /home/wellington/ws_moveit/src/ur5_arm_ros2/install/ur5_arm/share/ament_index/resource_index/packages/ur5_arm
-- Up-to-date: /home/wellington/ws_moveit/src/ur5_arm_ros2/install/ur5_arm/share/ur5_arm/cmake/ur5_armConfig.cmake
-- Up-to-date: /home/wellington/ws_moveit/src/ur5_arm_ros2/install/ur5_arm/share/ur5_arm/cmake/ur5_armConfig-version.cmake
-- Up-to-date: /home/wellington/ws_moveit/src/ur5_arm_ros2/install/ur5_arm/share/ur5_arm/package.xml
