[0.006s] Invoking command in '/home/wellington/ws_moveit/src/ur5_arm_ros2/build/ur5_arm': CMAKE_PREFIX_PATH=/opt/ros/humble /usr/bin/cmake --build /home/wellington/ws_moveit/src/ur5_arm_ros2/build/ur5_arm -- -j20 -l20
[0.034s] Invoked command in '/home/wellington/ws_moveit/src/ur5_arm_ros2/build/ur5_arm' returned '0': CMAKE_PREFIX_PATH=/opt/ros/humble /usr/bin/cmake --build /home/wellington/ws_moveit/src/ur5_arm_ros2/build/ur5_arm -- -j20 -l20
[0.041s] Invoking command in '/home/wellington/ws_moveit/src/ur5_arm_ros2/build/ur5_arm': CMAKE_PREFIX_PATH=/opt/ros/humble /usr/bin/cmake --install /home/wellington/ws_moveit/src/ur5_arm_ros2/build/ur5_arm
[0.048s] -- Install configuration: ""
[0.048s] -- Up-to-date: /home/wellington/ws_moveit/src/ur5_arm_ros2/install/ur5_arm/share/ur5_arm//launch
[0.048s] -- Up-to-date: /home/wellington/ws_moveit/src/ur5_arm_ros2/install/ur5_arm/share/ur5_arm//launch/ur5_control.launch.py
[0.048s] -- Up-to-date: /home/wellington/ws_moveit/src/ur5_arm_ros2/install/ur5_arm/share/ur5_arm//urdf
[0.048s] -- Up-to-date: /home/wellington/ws_moveit/src/ur5_arm_ros2/install/ur5_arm/share/ur5_arm//urdf/meshes
[0.048s] -- Up-to-date: /home/wellington/ws_moveit/src/ur5_arm_ros2/install/ur5_arm/share/ur5_arm//urdf/meshes/ur5e
[0.048s] -- Up-to-date: /home/wellington/ws_moveit/src/ur5_arm_ros2/install/ur5_arm/share/ur5_arm//urdf/meshes/ur5e/visual
[0.048s] -- Up-to-date: /home/wellington/ws_moveit/src/ur5_arm_ros2/install/ur5_arm/share/ur5_arm//urdf/meshes/ur5e/visual/wrist1.dae
[0.048s] -- Up-to-date: /home/wellington/ws_moveit/src/ur5_arm_ros2/install/ur5_arm/share/ur5_arm//urdf/meshes/ur5e/visual/upperarm.dae
[0.048s] -- Up-to-date: /home/wellington/ws_moveit/src/ur5_arm_ros2/install/ur5_arm/share/ur5_arm//urdf/meshes/ur5e/visual/base.dae
[0.048s] -- Up-to-date: /home/wellington/ws_moveit/src/ur5_arm_ros2/install/ur5_arm/share/ur5_arm//urdf/meshes/ur5e/visual/wrist3.dae
[0.048s] -- Up-to-date: /home/wellington/ws_moveit/src/ur5_arm_ros2/install/ur5_arm/share/ur5_arm//urdf/meshes/ur5e/visual/forearm.dae
[0.048s] -- Up-to-date: /home/wellington/ws_moveit/src/ur5_arm_ros2/install/ur5_arm/share/ur5_arm//urdf/meshes/ur5e/visual/shoulder.dae
[0.048s] -- Up-to-date: /home/wellington/ws_moveit/src/ur5_arm_ros2/install/ur5_arm/share/ur5_arm//urdf/meshes/ur5e/visual/wrist2.dae
[0.048s] -- Up-to-date: /home/wellington/ws_moveit/src/ur5_arm_ros2/install/ur5_arm/share/ur5_arm//urdf/meshes/ur5e/collision
[0.048s] -- Up-to-date: /home/wellington/ws_moveit/src/ur5_arm_ros2/install/ur5_arm/share/ur5_arm//urdf/meshes/ur5e/collision/wrist3.stl
[0.048s] -- Up-to-date: /home/wellington/ws_moveit/src/ur5_arm_ros2/install/ur5_arm/share/ur5_arm//urdf/meshes/ur5e/collision/forearm.stl
[0.048s] -- Up-to-date: /home/wellington/ws_moveit/src/ur5_arm_ros2/install/ur5_arm/share/ur5_arm//urdf/meshes/ur5e/collision/base.stl
[0.048s] -- Up-to-date: /home/wellington/ws_moveit/src/ur5_arm_ros2/install/ur5_arm/share/ur5_arm//urdf/meshes/ur5e/collision/upperarm.stl
[0.048s] -- Up-to-date: /home/wellington/ws_moveit/src/ur5_arm_ros2/install/ur5_arm/share/ur5_arm//urdf/meshes/ur5e/collision/wrist1.stl
[0.048s] -- Up-to-date: /home/wellington/ws_moveit/src/ur5_arm_ros2/install/ur5_arm/share/ur5_arm//urdf/meshes/ur5e/collision/shoulder.stl
[0.048s] -- Up-to-date: /home/wellington/ws_moveit/src/ur5_arm_ros2/install/ur5_arm/share/ur5_arm//urdf/meshes/ur5e/collision/wrist2.stl
[0.048s] -- Up-to-date: /home/wellington/ws_moveit/src/ur5_arm_ros2/install/ur5_arm/share/ur5_arm//urdf/meshes/protos
[0.049s] -- Up-to-date: /home/wellington/ws_moveit/src/ur5_arm_ros2/install/ur5_arm/share/ur5_arm//urdf/meshes/protos/CAM_Support2.stl
[0.049s] -- Up-to-date: /home/wellington/ws_moveit/src/ur5_arm_ros2/install/ur5_arm/share/ur5_arm//urdf/meshes/protos/RangeFinder.wbo
[0.049s] -- Up-to-date: /home/wellington/ws_moveit/src/ur5_arm_ros2/install/ur5_arm/share/ur5_arm//urdf/meshes/protos/Table.proto
[0.049s] -- Up-to-date: /home/wellington/ws_moveit/src/ur5_arm_ros2/install/ur5_arm/share/ur5_arm//urdf/meshes/protos/SolidBox.proto
[0.049s] -- Up-to-date: /home/wellington/ws_moveit/src/ur5_arm_ros2/install/ur5_arm/share/ur5_arm//urdf/meshes/protos/RobotiqArg2f140Model.proto
[0.049s] -- Up-to-date: /home/wellington/ws_moveit/src/ur5_arm_ros2/install/ur5_arm/share/ur5_arm//urdf/meshes/protos/CAM_support.STL
[0.049s] -- Up-to-date: /home/wellington/ws_moveit/src/ur5_arm_ros2/install/ur5_arm/share/ur5_arm//urdf/ur5.urdf.xacro
[0.049s] -- Up-to-date: /home/wellington/ws_moveit/src/ur5_arm_ros2/install/ur5_arm/share/ur5_arm//urdf/ur5e.urdf.xacro
[0.049s] -- Up-to-date: /home/wellington/ws_moveit/src/ur5_arm_ros2/install/ur5_arm/share/ur5_arm//urdf/ur5_arm.ros2_control.xacro
[0.049s] -- Up-to-date: /home/wellington/ws_moveit/src/ur5_arm_ros2/install/ur5_arm/share/ur5_arm//urdf/ur5e_joint_limited_robot.urdf.xacro
[0.049s] -- Up-to-date: /home/wellington/ws_moveit/src/ur5_arm_ros2/install/ur5_arm/share/ur5_arm//urdf/_d435.urdf.xacro
[0.049s] -- Up-to-date: /home/wellington/ws_moveit/src/ur5_arm_ros2/install/ur5_arm/share/ur5_arm//config
[0.049s] -- Up-to-date: /home/wellington/ws_moveit/src/ur5_arm_ros2/install/ur5_arm/share/ur5_arm//config/ros2_controllers.yaml
[0.049s] -- Up-to-date: /home/wellington/ws_moveit/src/ur5_arm_ros2/install/ur5_arm/share/ur5_arm//rviz
[0.049s] -- Up-to-date: /home/wellington/ws_moveit/src/ur5_arm_ros2/install/ur5_arm/share/ur5_arm//rviz/view.rviz
[0.049s] -- Up-to-date: /home/wellington/ws_moveit/src/ur5_arm_ros2/install/ur5_arm/share/ament_index/resource_index/package_run_dependencies/ur5_arm
[0.049s] -- Up-to-date: /home/wellington/ws_moveit/src/ur5_arm_ros2/install/ur5_arm/share/ament_index/resource_index/parent_prefix_path/ur5_arm
[0.049s] -- Up-to-date: /home/wellington/ws_moveit/src/ur5_arm_ros2/install/ur5_arm/share/ur5_arm/environment/ament_prefix_path.sh
[0.049s] -- Up-to-date: /home/wellington/ws_moveit/src/ur5_arm_ros2/install/ur5_arm/share/ur5_arm/environment/ament_prefix_path.dsv
[0.049s] -- Up-to-date: /home/wellington/ws_moveit/src/ur5_arm_ros2/install/ur5_arm/share/ur5_arm/environment/path.sh
[0.049s] -- Up-to-date: /home/wellington/ws_moveit/src/ur5_arm_ros2/install/ur5_arm/share/ur5_arm/environment/path.dsv
[0.049s] -- Up-to-date: /home/wellington/ws_moveit/src/ur5_arm_ros2/install/ur5_arm/share/ur5_arm/local_setup.bash
[0.049s] -- Up-to-date: /home/wellington/ws_moveit/src/ur5_arm_ros2/install/ur5_arm/share/ur5_arm/local_setup.sh
[0.050s] -- Up-to-date: /home/wellington/ws_moveit/src/ur5_arm_ros2/install/ur5_arm/share/ur5_arm/local_setup.zsh
[0.050s] -- Up-to-date: /home/wellington/ws_moveit/src/ur5_arm_ros2/install/ur5_arm/share/ur5_arm/local_setup.dsv
[0.050s] -- Up-to-date: /home/wellington/ws_moveit/src/ur5_arm_ros2/install/ur5_arm/share/ur5_arm/package.dsv
[0.050s] -- Up-to-date: /home/wellington/ws_moveit/src/ur5_arm_ros2/install/ur5_arm/share/ament_index/resource_index/packages/ur5_arm
[0.050s] -- Up-to-date: /home/wellington/ws_moveit/src/ur5_arm_ros2/install/ur5_arm/share/ur5_arm/cmake/ur5_armConfig.cmake
[0.050s] -- Up-to-date: /home/wellington/ws_moveit/src/ur5_arm_ros2/install/ur5_arm/share/ur5_arm/cmake/ur5_armConfig-version.cmake
[0.050s] -- Up-to-date: /home/wellington/ws_moveit/src/ur5_arm_ros2/install/ur5_arm/share/ur5_arm/package.xml
[0.051s] Invoked command in '/home/wellington/ws_moveit/src/ur5_arm_ros2/build/ur5_arm' returned '0': CMAKE_PREFIX_PATH=/opt/ros/humble /usr/bin/cmake --install /home/wellington/ws_moveit/src/ur5_arm_ros2/build/ur5_arm
