[0.057s] DEBUG:colcon:Command line arguments: ['/usr/bin/colcon', 'build', '--packages-select', 'ur5_arm']
[0.057s] DEBUG:colcon:Parsed command line arguments: Namespace(log_base=None, log_level=None, verb_name='build', build_base='build', install_base='install', merge_install=False, symlink_install=False, test_result_base=None, continue_on_error=False, executor='parallel', parallel_workers=20, event_handlers=None, ignore_user_meta=False, metas=['./colcon.meta'], base_paths=['.'], packages_ignore=None, packages_ignore_regex=None, paths=None, packages_up_to=None, packages_up_to_regex=None, packages_above=None, packages_above_and_dependencies=None, packages_above_depth=None, packages_select_by_dep=None, packages_skip_by_dep=None, packages_skip_up_to=None, packages_select_build_failed=False, packages_skip_build_finished=False, packages_select_test_failures=False, packages_skip_test_passed=False, packages_select=['ur5_arm'], packages_skip=None, packages_select_regex=None, packages_skip_regex=None, packages_start=None, packages_end=None, allow_overriding=[], cmake_args=None, cmake_target=None, cmake_target_skip_unavailable=False, cmake_clean_cache=False, cmake_clean_first=False, cmake_force_configure=False, ament_cmake_args=None, catkin_cmake_args=None, catkin_skip_building_tests=False, mixin_files=None, mixin=None, verb_parser=<colcon_mixin.mixin.mixin_argument.MixinArgumentDecorator object at 0x762e87355d50>, verb_extension=<colcon_core.verb.build.BuildVerb object at 0x762e87355780>, main=<bound method BuildVerb.main of <colcon_core.verb.build.BuildVerb object at 0x762e87355780>>, mixin_verb=('build',))
[0.322s] Level 1:colcon.colcon_core.package_discovery:discover_packages(colcon_meta) check parameters
[0.322s] Level 1:colcon.colcon_core.package_discovery:discover_packages(recursive) check parameters
[0.322s] Level 1:colcon.colcon_core.package_discovery:discover_packages(ignore) check parameters
[0.322s] Level 1:colcon.colcon_core.package_discovery:discover_packages(path) check parameters
[0.322s] Level 1:colcon.colcon_core.package_discovery:discover_packages(colcon_meta) discover
[0.322s] Level 1:colcon.colcon_core.package_discovery:discover_packages(recursive) discover
[0.322s] INFO:colcon.colcon_core.package_discovery:Crawling recursively for packages in '/home/wellington/ws_moveit/src/ur5_arm_ros2'
[0.322s] Level 1:colcon.colcon_core.package_identification:_identify(.) by extensions ['ignore', 'ignore_ament_install']
[0.322s] Level 1:colcon.colcon_core.package_identification:_identify(.) by extension 'ignore'
[0.322s] Level 1:colcon.colcon_core.package_identification:_identify(.) by extension 'ignore_ament_install'
[0.322s] Level 1:colcon.colcon_core.package_identification:_identify(.) by extensions ['colcon_pkg']
[0.322s] Level 1:colcon.colcon_core.package_identification:_identify(.) by extension 'colcon_pkg'
[0.322s] Level 1:colcon.colcon_core.package_identification:_identify(.) by extensions ['colcon_meta']
[0.322s] Level 1:colcon.colcon_core.package_identification:_identify(.) by extension 'colcon_meta'
[0.322s] Level 1:colcon.colcon_core.package_identification:_identify(.) by extensions ['ros']
[0.322s] Level 1:colcon.colcon_core.package_identification:_identify(.) by extension 'ros'
[0.329s] DEBUG:colcon.colcon_core.package_identification:Package '.' with type 'ros.ament_cmake' and name 'ur5_arm'
[0.329s] Level 1:colcon.colcon_core.package_discovery:discover_packages(recursive) using defaults
[0.329s] Level 1:colcon.colcon_core.package_discovery:discover_packages(ignore) discover
[0.329s] Level 1:colcon.colcon_core.package_discovery:discover_packages(ignore) using defaults
[0.329s] Level 1:colcon.colcon_core.package_discovery:discover_packages(path) discover
[0.329s] Level 1:colcon.colcon_core.package_discovery:discover_packages(path) using defaults
[0.352s] Level 1:colcon.colcon_core.package_discovery:discover_packages(prefix_path) check parameters
[0.353s] Level 1:colcon.colcon_core.package_discovery:discover_packages(prefix_path) discover
[0.354s] DEBUG:colcon.colcon_installed_package_information.package_discovery:Found 347 installed packages in /opt/ros/humble
[0.355s] Level 1:colcon.colcon_core.package_discovery:discover_packages(prefix_path) using defaults
[0.375s] Level 5:colcon.colcon_core.verb:set package 'ur5_arm' build argument 'cmake_args' from command line to 'None'
[0.375s] Level 5:colcon.colcon_core.verb:set package 'ur5_arm' build argument 'cmake_target' from command line to 'None'
[0.375s] Level 5:colcon.colcon_core.verb:set package 'ur5_arm' build argument 'cmake_target_skip_unavailable' from command line to 'False'
[0.375s] Level 5:colcon.colcon_core.verb:set package 'ur5_arm' build argument 'cmake_clean_cache' from command line to 'False'
[0.375s] Level 5:colcon.colcon_core.verb:set package 'ur5_arm' build argument 'cmake_clean_first' from command line to 'False'
[0.375s] Level 5:colcon.colcon_core.verb:set package 'ur5_arm' build argument 'cmake_force_configure' from command line to 'False'
[0.375s] Level 5:colcon.colcon_core.verb:set package 'ur5_arm' build argument 'ament_cmake_args' from command line to 'None'
[0.375s] Level 5:colcon.colcon_core.verb:set package 'ur5_arm' build argument 'catkin_cmake_args' from command line to 'None'
[0.375s] Level 5:colcon.colcon_core.verb:set package 'ur5_arm' build argument 'catkin_skip_building_tests' from command line to 'False'
[0.375s] DEBUG:colcon.colcon_core.verb:Building package 'ur5_arm' with the following arguments: {'ament_cmake_args': None, 'build_base': '/home/wellington/ws_moveit/src/ur5_arm_ros2/build/ur5_arm', 'catkin_cmake_args': None, 'catkin_skip_building_tests': False, 'cmake_args': None, 'cmake_clean_cache': False, 'cmake_clean_first': False, 'cmake_force_configure': False, 'cmake_target': None, 'cmake_target_skip_unavailable': False, 'install_base': '/home/wellington/ws_moveit/src/ur5_arm_ros2/install/ur5_arm', 'merge_install': False, 'path': '/home/wellington/ws_moveit/src/ur5_arm_ros2', 'symlink_install': False, 'test_result_base': None}
[0.375s] INFO:colcon.colcon_core.executor:Executing jobs using 'parallel' executor
[0.376s] DEBUG:colcon.colcon_parallel_executor.executor.parallel:run_until_complete
[0.376s] INFO:colcon.colcon_ros.task.ament_cmake.build:Building ROS package in '/home/wellington/ws_moveit/src/ur5_arm_ros2' with build type 'ament_cmake'
[0.376s] INFO:colcon.colcon_cmake.task.cmake.build:Building CMake package in '/home/wellington/ws_moveit/src/ur5_arm_ros2'
[0.379s] INFO:colcon.colcon_core.plugin_system:Skipping extension 'colcon_core.shell.bat': Not used on non-Windows systems
[0.379s] INFO:colcon.colcon_core.shell:Skip shell extension 'powershell' for command environment: Not usable outside of PowerShell
[0.379s] DEBUG:colcon.colcon_core.shell:Skip shell extension 'dsv' for command environment
[0.383s] DEBUG:colcon.colcon_core.event_handler.log_command:Invoking command in '/home/wellington/ws_moveit/src/ur5_arm_ros2/build/ur5_arm': CMAKE_PREFIX_PATH=/opt/ros/humble /usr/bin/cmake /home/wellington/ws_moveit/src/ur5_arm_ros2 -DCMAKE_INSTALL_PREFIX=/home/wellington/ws_moveit/src/ur5_arm_ros2/install/ur5_arm
[2.473s] DEBUG:colcon.colcon_core.event_handler.log_command:Invoked command in '/home/wellington/ws_moveit/src/ur5_arm_ros2/build/ur5_arm' returned '0': CMAKE_PREFIX_PATH=/opt/ros/humble /usr/bin/cmake /home/wellington/ws_moveit/src/ur5_arm_ros2 -DCMAKE_INSTALL_PREFIX=/home/wellington/ws_moveit/src/ur5_arm_ros2/install/ur5_arm
[2.474s] DEBUG:colcon.colcon_core.event_handler.log_command:Invoking command in '/home/wellington/ws_moveit/src/ur5_arm_ros2/build/ur5_arm': CMAKE_PREFIX_PATH=/opt/ros/humble /usr/bin/cmake --build /home/wellington/ws_moveit/src/ur5_arm_ros2/build/ur5_arm -- -j20 -l20
[2.513s] DEBUG:colcon.colcon_core.event_handler.log_command:Invoked command in '/home/wellington/ws_moveit/src/ur5_arm_ros2/build/ur5_arm' returned '0': CMAKE_PREFIX_PATH=/opt/ros/humble /usr/bin/cmake --build /home/wellington/ws_moveit/src/ur5_arm_ros2/build/ur5_arm -- -j20 -l20
[2.523s] DEBUG:colcon.colcon_core.event_handler.log_command:Invoking command in '/home/wellington/ws_moveit/src/ur5_arm_ros2/build/ur5_arm': CMAKE_PREFIX_PATH=/opt/ros/humble /usr/bin/cmake --install /home/wellington/ws_moveit/src/ur5_arm_ros2/build/ur5_arm
[2.547s] Level 1:colcon.colcon_core.environment:create_environment_scripts_only(ur5_arm)
[2.547s] DEBUG:colcon.colcon_core.event_handler.log_command:Invoked command in '/home/wellington/ws_moveit/src/ur5_arm_ros2/build/ur5_arm' returned '0': CMAKE_PREFIX_PATH=/opt/ros/humble /usr/bin/cmake --install /home/wellington/ws_moveit/src/ur5_arm_ros2/build/ur5_arm
[2.553s] Level 1:colcon.colcon_core.environment:checking '/home/wellington/ws_moveit/src/ur5_arm_ros2/install/ur5_arm' for CMake module files
[2.553s] Level 1:colcon.colcon_core.environment:checking '/home/wellington/ws_moveit/src/ur5_arm_ros2/install/ur5_arm' for CMake config files
[2.553s] Level 1:colcon.colcon_core.shell:create_environment_hook('ur5_arm', 'cmake_prefix_path')
[2.554s] INFO:colcon.colcon_core.shell:Creating environment hook '/home/wellington/ws_moveit/src/ur5_arm_ros2/install/ur5_arm/share/ur5_arm/hook/cmake_prefix_path.ps1'
[2.554s] INFO:colcon.colcon_core.shell:Creating environment descriptor '/home/wellington/ws_moveit/src/ur5_arm_ros2/install/ur5_arm/share/ur5_arm/hook/cmake_prefix_path.dsv'
[2.554s] INFO:colcon.colcon_core.shell:Creating environment hook '/home/wellington/ws_moveit/src/ur5_arm_ros2/install/ur5_arm/share/ur5_arm/hook/cmake_prefix_path.sh'
[2.555s] Level 1:colcon.colcon_core.environment:checking '/home/wellington/ws_moveit/src/ur5_arm_ros2/install/ur5_arm/bin'
[2.555s] Level 1:colcon.colcon_core.environment:checking '/home/wellington/ws_moveit/src/ur5_arm_ros2/install/ur5_arm/lib/pkgconfig/ur5_arm.pc'
[2.555s] Level 1:colcon.colcon_core.environment:checking '/home/wellington/ws_moveit/src/ur5_arm_ros2/install/ur5_arm/lib/python3.10/site-packages'
[2.555s] Level 1:colcon.colcon_core.environment:checking '/home/wellington/ws_moveit/src/ur5_arm_ros2/install/ur5_arm/bin'
[2.555s] INFO:colcon.colcon_core.shell:Creating package script '/home/wellington/ws_moveit/src/ur5_arm_ros2/install/ur5_arm/share/ur5_arm/package.ps1'
[2.556s] INFO:colcon.colcon_core.shell:Creating package descriptor '/home/wellington/ws_moveit/src/ur5_arm_ros2/install/ur5_arm/share/ur5_arm/package.dsv'
[2.556s] INFO:colcon.colcon_core.shell:Creating package script '/home/wellington/ws_moveit/src/ur5_arm_ros2/install/ur5_arm/share/ur5_arm/package.sh'
[2.557s] INFO:colcon.colcon_core.shell:Creating package script '/home/wellington/ws_moveit/src/ur5_arm_ros2/install/ur5_arm/share/ur5_arm/package.bash'
[2.557s] INFO:colcon.colcon_core.shell:Creating package script '/home/wellington/ws_moveit/src/ur5_arm_ros2/install/ur5_arm/share/ur5_arm/package.zsh'
[2.557s] Level 1:colcon.colcon_core.environment:create_file_with_runtime_dependencies(/home/wellington/ws_moveit/src/ur5_arm_ros2/install/ur5_arm/share/colcon-core/packages/ur5_arm)
[2.558s] Level 1:colcon.colcon_core.environment:create_environment_scripts_only(ur5_arm)
[2.558s] Level 1:colcon.colcon_core.environment:checking '/home/wellington/ws_moveit/src/ur5_arm_ros2/install/ur5_arm' for CMake module files
[2.558s] Level 1:colcon.colcon_core.environment:checking '/home/wellington/ws_moveit/src/ur5_arm_ros2/install/ur5_arm' for CMake config files
[2.558s] Level 1:colcon.colcon_core.shell:create_environment_hook('ur5_arm', 'cmake_prefix_path')
[2.558s] INFO:colcon.colcon_core.shell:Creating environment hook '/home/wellington/ws_moveit/src/ur5_arm_ros2/install/ur5_arm/share/ur5_arm/hook/cmake_prefix_path.ps1'
[2.559s] INFO:colcon.colcon_core.shell:Creating environment descriptor '/home/wellington/ws_moveit/src/ur5_arm_ros2/install/ur5_arm/share/ur5_arm/hook/cmake_prefix_path.dsv'
[2.559s] INFO:colcon.colcon_core.shell:Creating environment hook '/home/wellington/ws_moveit/src/ur5_arm_ros2/install/ur5_arm/share/ur5_arm/hook/cmake_prefix_path.sh'
[2.559s] Level 1:colcon.colcon_core.environment:checking '/home/wellington/ws_moveit/src/ur5_arm_ros2/install/ur5_arm/bin'
[2.559s] Level 1:colcon.colcon_core.environment:checking '/home/wellington/ws_moveit/src/ur5_arm_ros2/install/ur5_arm/lib/pkgconfig/ur5_arm.pc'
[2.559s] Level 1:colcon.colcon_core.environment:checking '/home/wellington/ws_moveit/src/ur5_arm_ros2/install/ur5_arm/lib/python3.10/site-packages'
[2.559s] Level 1:colcon.colcon_core.environment:checking '/home/wellington/ws_moveit/src/ur5_arm_ros2/install/ur5_arm/bin'
[2.559s] INFO:colcon.colcon_core.shell:Creating package script '/home/wellington/ws_moveit/src/ur5_arm_ros2/install/ur5_arm/share/ur5_arm/package.ps1'
[2.560s] INFO:colcon.colcon_core.shell:Creating package descriptor '/home/wellington/ws_moveit/src/ur5_arm_ros2/install/ur5_arm/share/ur5_arm/package.dsv'
[2.560s] INFO:colcon.colcon_core.shell:Creating package script '/home/wellington/ws_moveit/src/ur5_arm_ros2/install/ur5_arm/share/ur5_arm/package.sh'
[2.560s] INFO:colcon.colcon_core.shell:Creating package script '/home/wellington/ws_moveit/src/ur5_arm_ros2/install/ur5_arm/share/ur5_arm/package.bash'
[2.560s] INFO:colcon.colcon_core.shell:Creating package script '/home/wellington/ws_moveit/src/ur5_arm_ros2/install/ur5_arm/share/ur5_arm/package.zsh'
[2.560s] Level 1:colcon.colcon_core.environment:create_file_with_runtime_dependencies(/home/wellington/ws_moveit/src/ur5_arm_ros2/install/ur5_arm/share/colcon-core/packages/ur5_arm)
[2.561s] DEBUG:colcon.colcon_parallel_executor.executor.parallel:closing loop
[2.561s] DEBUG:colcon.colcon_parallel_executor.executor.parallel:loop closed
[2.561s] DEBUG:colcon.colcon_parallel_executor.executor.parallel:run_until_complete finished with '0'
[2.561s] DEBUG:colcon.colcon_core.event_reactor:joining thread
[2.563s] INFO:colcon.colcon_core.plugin_system:Skipping extension 'colcon_notification.desktop_notification.terminal_notifier': Not used on non-Darwin systems
[2.563s] INFO:colcon.colcon_core.plugin_system:Skipping extension 'colcon_notification.desktop_notification.win32': Not used on non-Windows systems
[2.563s] INFO:colcon.colcon_notification.desktop_notification:Sending desktop notification using 'notify2'
[2.575s] DEBUG:colcon.colcon_core.event_reactor:joined thread
[2.575s] INFO:colcon.colcon_core.shell:Creating prefix script '/home/wellington/ws_moveit/src/ur5_arm_ros2/install/local_setup.ps1'
[2.576s] INFO:colcon.colcon_core.shell:Creating prefix util module '/home/wellington/ws_moveit/src/ur5_arm_ros2/install/_local_setup_util_ps1.py'
[2.576s] INFO:colcon.colcon_core.shell:Creating prefix chain script '/home/wellington/ws_moveit/src/ur5_arm_ros2/install/setup.ps1'
[2.577s] INFO:colcon.colcon_core.shell:Creating prefix script '/home/wellington/ws_moveit/src/ur5_arm_ros2/install/local_setup.sh'
[2.577s] INFO:colcon.colcon_core.shell:Creating prefix util module '/home/wellington/ws_moveit/src/ur5_arm_ros2/install/_local_setup_util_sh.py'
[2.577s] INFO:colcon.colcon_core.shell:Creating prefix chain script '/home/wellington/ws_moveit/src/ur5_arm_ros2/install/setup.sh'
[2.578s] INFO:colcon.colcon_core.shell:Creating prefix script '/home/wellington/ws_moveit/src/ur5_arm_ros2/install/local_setup.bash'
[2.578s] INFO:colcon.colcon_core.shell:Creating prefix chain script '/home/wellington/ws_moveit/src/ur5_arm_ros2/install/setup.bash'
[2.579s] INFO:colcon.colcon_core.shell:Creating prefix script '/home/wellington/ws_moveit/src/ur5_arm_ros2/install/local_setup.zsh'
[2.579s] INFO:colcon.colcon_core.shell:Creating prefix chain script '/home/wellington/ws_moveit/src/ur5_arm_ros2/install/setup.zsh'
